<?xml version="1.0" encoding="UTF-8"?>
<testsuite name="grails.plugins.redis.RedisIntegrationSpec" tests="4" skipped="0" failures="0" errors="0" timestamp="2015-03-19T01:33:30" hostname="thrush.local" time="0.329">
  <properties/>
  <testcase name="testMemoizeDomainList" classname="grails.plugins.redis.RedisIntegrationSpec" time="0.29"/>
  <testcase name="testMemoizeDomainListWithExpire" classname="grails.plugins.redis.RedisIntegrationSpec" time="0.014"/>
  <testcase name="testMemoizeDomainIdList" classname="grails.plugins.redis.RedisIntegrationSpec" time="0.012"/>
  <testcase name="testMemoizeDomainObject" classname="grails.plugins.redis.RedisIntegrationSpec" time="0.013"/>
  <system-out><![CDATA[]]></system-out>
  <system-err><![CDATA[]]></system-err>
</testsuite>
